{"devicePlatform":"","logFolder":"F:\\Git Projects\\MMAPlus_Supervisor\\MMAPlus_Supervisor\\Reports\\Visit Shop With Chiller And Overwrite Scenario\\20180626_144516","runData":{"hostName":"itcity - DESKTOP-3AG49P4","os":"Windows 10 64bit","katalonVersion":"5.4.2.1","deviceOS":"Android","deviceModel":"SM-J110H","hostAddress":"192.168.3.191","deviceManufacturer":"samsung","deviceId":"11015a1136d0b24a","deviceName":"samsung SM-J110H (Android 4.4.4)","deviceOSVersion":"4.4.4"},"type":"TEST_SUITE","name":"Visit Shop With Chiller And Overwrite Scenario","id":"Test Suites/Visit Shop With Chiller And Overwrite Scenario","source":"","message":"Test Cases/LaunchingApp/LaunchApp FAILED because (of) Unable to start app at: \u0027F:\\QA_Automation\\Builds\\MMAPlus_Sup_v147_0304_live.apk\u0027 (Root cause: org.openqa.selenium.WebDriverException: An unknown server-side error occurred while processing the command. Original error: Error finding if process exists. Original error: cmd.join is not a function\nBuild info: version: \u00273.7.1\u0027, revision: \u00278a0099a\u0027, time: \u00272017-11-06T21:07:36.161Z\u0027\nSystem info: host: \u0027DESKTOP-3AG49P4\u0027, ip: \u0027192.168.3.191\u0027, os.name: \u0027Windows 10\u0027, os.arch: \u0027amd64\u0027, os.version: \u002710.0\u0027, java.version: \u00271.8.0_102\u0027\nDriver info: driver.version: SwipeableAndroidDriver\nremote stacktrace: UnknownError: An unknown server-side error occurred while processing the command. Original error: Error finding if process exists. Original error: cmd.join is not a function\n    at getResponseForW3CError (C:\\Users\\itcity\\AppData\\Roaming\\npm\\node_modules\\appium\\node_modules\\appium-base-driver\\lib\\protocol\\errors.js:800:13)\n    at asyncHandler$ (C:\\Users\\itcity\\AppData\\Roaming\\npm\\node_modules\\appium\\node_modules\\appium-base-driver\\lib\\protocol\\protocol.js:352:37)\n    at tryCatch (C:\\Users\\itcity\\AppData\\Roaming\\npm\\node_modules\\appium\\node_modules\\babel-runtime\\regenerator\\runtime.js:67:40)\n    at GeneratorFunctionPrototype.invoke [as _invoke] (C:\\Users\\itcity\\AppData\\Roaming\\npm\\node_modules\\appium\\node_modules\\babel-runtime\\regenerator\\runtime.js:315:22)\n    at GeneratorFunctionPrototype.prototype.(anonymous function) [as next] (C:\\Users\\itcity\\AppData\\Roaming\\npm\\node_modules\\appium\\node_modules\\babel-runtime\\regenerator\\runtime.js:100:21)\n    at GeneratorFunctionPrototype.invoke (C:\\Users\\itcity\\AppData\\Roaming\\npm\\node_modules\\appium\\node_modules\\babel-runtime\\regenerator\\runtime.js:136:37)\n    at \u003canonymous\u003e)","description":"","startTime":1530006319342,"endTime":1530006334024,"childRecords":[{"isOptional":false,"type":"TEST_CASE","name":"Test Cases/LaunchingApp/LaunchApp","id":"Test Cases/LaunchingApp/LaunchApp","source":"F:\\\\Git Projects\\\\MMAPlus_Supervisor\\\\MMAPlus_Supervisor\\\\Test Cases\\\\LaunchingApp\\\\LaunchApp.tc","message":"Test Cases/LaunchingApp/LaunchApp FAILED because (of) Unable to start app at: \u0027F:\\QA_Automation\\Builds\\MMAPlus_Sup_v147_0304_live.apk\u0027 (Root cause: org.openqa.selenium.WebDriverException: An unknown server-side error occurred while processing the command. Original error: Error finding if process exists. Original error: cmd.join is not a function\nBuild info: version: \u00273.7.1\u0027, revision: \u00278a0099a\u0027, time: \u00272017-11-06T21:07:36.161Z\u0027\nSystem info: host: \u0027DESKTOP-3AG49P4\u0027, ip: \u0027192.168.3.191\u0027, os.name: \u0027Windows 10\u0027, os.arch: \u0027amd64\u0027, os.version: \u002710.0\u0027, java.version: \u00271.8.0_102\u0027\nDriver info: driver.version: SwipeableAndroidDriver\nremote stacktrace: UnknownError: An unknown server-side error occurred while processing the command. Original error: Error finding if process exists. Original error: cmd.join is not a function\n    at getResponseForW3CError (C:\\Users\\itcity\\AppData\\Roaming\\npm\\node_modules\\appium\\node_modules\\appium-base-driver\\lib\\protocol\\errors.js:800:13)\n    at asyncHandler$ (C:\\Users\\itcity\\AppData\\Roaming\\npm\\node_modules\\appium\\node_modules\\appium-base-driver\\lib\\protocol\\protocol.js:352:37)\n    at tryCatch (C:\\Users\\itcity\\AppData\\Roaming\\npm\\node_modules\\appium\\node_modules\\babel-runtime\\regenerator\\runtime.js:67:40)\n    at GeneratorFunctionPrototype.invoke [as _invoke] (C:\\Users\\itcity\\AppData\\Roaming\\npm\\node_modules\\appium\\node_modules\\babel-runtime\\regenerator\\runtime.js:315:22)\n    at GeneratorFunctionPrototype.prototype.(anonymous function) [as next] (C:\\Users\\itcity\\AppData\\Roaming\\npm\\node_modules\\appium\\node_modules\\babel-runtime\\regenerator\\runtime.js:100:21)\n    at GeneratorFunctionPrototype.invoke (C:\\Users\\itcity\\AppData\\Roaming\\npm\\node_modules\\appium\\node_modules\\babel-runtime\\regenerator\\runtime.js:136:37)\n    at \u003canonymous\u003e)","description":"","startTime":1530006319958,"endTime":1530006331279,"childRecords":[{"testStatus":{"stackTrace":"","statusValue":"INFO"},"type":"MESSAGE","name":"","message":"Evaluating variables for test case","startTime":1530006320004,"endTime":0,"childRecords":[],"interuppted":false},{"index":1,"isIgnoredIfFailed":false,"type":"TEST_STEP","name":"startApplication","message":"Unable to start app at: \u0027F:\\QA_Automation\\Builds\\MMAPlus_Sup_v147_0304_live.apk\u0027 (Root cause: org.openqa.selenium.WebDriverException: An unknown server-side error occurred while processing the command. Original error: Error finding if process exists. Original error: cmd.join is not a function\nBuild info: version: \u00273.7.1\u0027, revision: \u00278a0099a\u0027, time: \u00272017-11-06T21:07:36.161Z\u0027\nSystem info: host: \u0027DESKTOP-3AG49P4\u0027, ip: \u0027192.168.3.191\u0027, os.name: \u0027Windows 10\u0027, os.arch: \u0027amd64\u0027, os.version: \u002710.0\u0027, java.version: \u00271.8.0_102\u0027\nDriver info: driver.version: SwipeableAndroidDriver\nremote stacktrace: UnknownError: An unknown server-side error occurred while processing the command. Original error: Error finding if process exists. Original error: cmd.join is not a function\n    at getResponseForW3CError (C:\\Users\\itcity\\AppData\\Roaming\\npm\\node_modules\\appium\\node_modules\\appium-base-driver\\lib\\protocol\\errors.js:800:13)\n    at asyncHandler$ (C:\\Users\\itcity\\AppData\\Roaming\\npm\\node_modules\\appium\\node_modules\\appium-base-driver\\lib\\protocol\\protocol.js:352:37)\n    at tryCatch (C:\\Users\\itcity\\AppData\\Roaming\\npm\\node_modules\\appium\\node_modules\\babel-runtime\\regenerator\\runtime.js:67:40)\n    at GeneratorFunctionPrototype.invoke [as _invoke] (C:\\Users\\itcity\\AppData\\Roaming\\npm\\node_modules\\appium\\node_modules\\babel-runtime\\regenerator\\runtime.js:315:22)\n    at GeneratorFunctionPrototype.prototype.(anonymous function) [as next] (C:\\Users\\itcity\\AppData\\Roaming\\npm\\node_modules\\appium\\node_modules\\babel-runtime\\regenerator\\runtime.js:100:21)\n    at GeneratorFunctionPrototype.invoke (C:\\Users\\itcity\\AppData\\Roaming\\npm\\node_modules\\appium\\node_modules\\babel-runtime\\regenerator\\runtime.js:136:37)\n    at \u003canonymous\u003e)","description":"","startTime":1530006320722,"endTime":1530006331270,"childRecords":[{"testStatus":{"stackTrace":"","statusValue":"FAILED"},"type":"MESSAGE","name":"","message":"Unable to start app at: \u0027F:\\QA_Automation\\Builds\\MMAPlus_Sup_v147_0304_live.apk\u0027 (Root cause: org.openqa.selenium.WebDriverException: An unknown server-side error occurred while processing the command. Original error: Error finding if process exists. Original error: cmd.join is not a function\nBuild info: version: \u00273.7.1\u0027, revision: \u00278a0099a\u0027, time: \u00272017-11-06T21:07:36.161Z\u0027\nSystem info: host: \u0027DESKTOP-3AG49P4\u0027, ip: \u0027192.168.3.191\u0027, os.name: \u0027Windows 10\u0027, os.arch: \u0027amd64\u0027, os.version: \u002710.0\u0027, java.version: \u00271.8.0_102\u0027\nDriver info: driver.version: SwipeableAndroidDriver\nremote stacktrace: UnknownError: An unknown server-side error occurred while processing the command. Original error: Error finding if process exists. Original error: cmd.join is not a function\n    at getResponseForW3CError (C:\\Users\\itcity\\AppData\\Roaming\\npm\\node_modules\\appium\\node_modules\\appium-base-driver\\lib\\protocol\\errors.js:800:13)\n    at asyncHandler$ (C:\\Users\\itcity\\AppData\\Roaming\\npm\\node_modules\\appium\\node_modules\\appium-base-driver\\lib\\protocol\\protocol.js:352:37)\n    at tryCatch (C:\\Users\\itcity\\AppData\\Roaming\\npm\\node_modules\\appium\\node_modules\\babel-runtime\\regenerator\\runtime.js:67:40)\n    at GeneratorFunctionPrototype.invoke [as _invoke] (C:\\Users\\itcity\\AppData\\Roaming\\npm\\node_modules\\appium\\node_modules\\babel-runtime\\regenerator\\runtime.js:315:22)\n    at GeneratorFunctionPrototype.prototype.(anonymous function) [as next] (C:\\Users\\itcity\\AppData\\Roaming\\npm\\node_modules\\appium\\node_modules\\babel-runtime\\regenerator\\runtime.js:100:21)\n    at GeneratorFunctionPrototype.invoke (C:\\Users\\itcity\\AppData\\Roaming\\npm\\node_modules\\appium\\node_modules\\babel-runtime\\regenerator\\runtime.js:136:37)\n    at \u003canonymous\u003e)","startTime":1530006331263,"endTime":0,"childRecords":[],"interuppted":false}],"interuppted":false},{"testStatus":{"stackTrace":"","statusValue":"FAILED"},"type":"MESSAGE","name":"","message":"Test Cases/LaunchingApp/LaunchApp FAILED because (of) Unable to start app at: \u0027F:\\QA_Automation\\Builds\\MMAPlus_Sup_v147_0304_live.apk\u0027 (Root cause: org.openqa.selenium.WebDriverException: An unknown server-side error occurred while processing the command. Original error: Error finding if process exists. Original error: cmd.join is not a function\nBuild info: version: \u00273.7.1\u0027, revision: \u00278a0099a\u0027, time: \u00272017-11-06T21:07:36.161Z\u0027\nSystem info: host: \u0027DESKTOP-3AG49P4\u0027, ip: \u0027192.168.3.191\u0027, os.name: \u0027Windows 10\u0027, os.arch: \u0027amd64\u0027, os.version: \u002710.0\u0027, java.version: \u00271.8.0_102\u0027\nDriver info: driver.version: SwipeableAndroidDriver\nremote stacktrace: UnknownError: An unknown server-side error occurred while processing the command. Original error: Error finding if process exists. Original error: cmd.join is not a function\n    at getResponseForW3CError (C:\\Users\\itcity\\AppData\\Roaming\\npm\\node_modules\\appium\\node_modules\\appium-base-driver\\lib\\protocol\\errors.js:800:13)\n    at asyncHandler$ (C:\\Users\\itcity\\AppData\\Roaming\\npm\\node_modules\\appium\\node_modules\\appium-base-driver\\lib\\protocol\\protocol.js:352:37)\n    at tryCatch (C:\\Users\\itcity\\AppData\\Roaming\\npm\\node_modules\\appium\\node_modules\\babel-runtime\\regenerator\\runtime.js:67:40)\n    at GeneratorFunctionPrototype.invoke [as _invoke] (C:\\Users\\itcity\\AppData\\Roaming\\npm\\node_modules\\appium\\node_modules\\babel-runtime\\regenerator\\runtime.js:315:22)\n    at GeneratorFunctionPrototype.prototype.(anonymous function) [as next] (C:\\Users\\itcity\\AppData\\Roaming\\npm\\node_modules\\appium\\node_modules\\babel-runtime\\regenerator\\runtime.js:100:21)\n    at GeneratorFunctionPrototype.invoke (C:\\Users\\itcity\\AppData\\Roaming\\npm\\node_modules\\appium\\node_modules\\babel-runtime\\regenerator\\runtime.js:136:37)\n    at \u003canonymous\u003e)","startTime":1530006331271,"endTime":0,"childRecords":[],"interuppted":false}],"interuppted":false},{"isOptional":false,"type":"TEST_CASE","name":"Test Cases/Attendance/MarkSupervisorAttendance","id":"Test Cases/Attendance/MarkSupervisorAttendance","source":"F:\\\\Git Projects\\\\MMAPlus_Supervisor\\\\MMAPlus_Supervisor\\\\Test Cases\\\\Attendance\\\\MarkSupervisorAttendance.tc","message":"Test Cases/Attendance/MarkSupervisorAttendance FAILED because (of) No driver found","description":"","startTime":1530006331284,"endTime":1530006331901,"childRecords":[{"testStatus":{"stackTrace":"","statusValue":"INFO"},"type":"MESSAGE","name":"","message":"Evaluating variables for test case","startTime":1530006331307,"endTime":0,"childRecords":[],"interuppted":false},{"index":1,"isIgnoredIfFailed":false,"type":"TEST_STEP","name":"verifyElementText","message":"Checking timeout","description":"","startTime":1530006331714,"endTime":1530006331898,"childRecords":[],"interuppted":false},{"testStatus":{"stackTrace":"","statusValue":"FAILED"},"type":"MESSAGE","name":"","message":"Test Cases/Attendance/MarkSupervisorAttendance FAILED because (of) No driver found","startTime":1530006331899,"endTime":0,"childRecords":[],"interuppted":false}],"interuppted":false},{"isOptional":false,"type":"TEST_CASE","name":"Test Cases/Attendance/MarkMerchandisersAttendance","id":"Test Cases/Attendance/MarkMerchandisersAttendance","source":"F:\\\\Git Projects\\\\MMAPlus_Supervisor\\\\MMAPlus_Supervisor\\\\Test Cases\\\\Attendance\\\\MarkMerchandisersAttendance.tc","message":"Test Cases/Attendance/MarkMerchandisersAttendance FAILED because (of) No driver found","description":"","startTime":1530006331910,"endTime":1530006332499,"childRecords":[{"testStatus":{"stackTrace":"","statusValue":"INFO"},"type":"MESSAGE","name":"","message":"Evaluating variables for test case","startTime":1530006331939,"endTime":0,"childRecords":[],"interuppted":false},{"index":1,"isIgnoredIfFailed":false,"type":"TEST_STEP","name":"verifyElementText","message":"Checking timeout","description":"","startTime":1530006332401,"endTime":1530006332477,"childRecords":[],"interuppted":false},{"testStatus":{"stackTrace":"","statusValue":"FAILED"},"type":"MESSAGE","name":"","message":"Test Cases/Attendance/MarkMerchandisersAttendance FAILED because (of) No driver found","startTime":1530006332497,"endTime":0,"childRecords":[],"interuppted":false}],"interuppted":false},{"isOptional":false,"type":"TEST_CASE","name":"Test Cases/WW/VisitWW","id":"Test Cases/WW/VisitWW","source":"F:\\\\Git Projects\\\\MMAPlus_Supervisor\\\\MMAPlus_Supervisor\\\\Test Cases\\\\WW\\\\VisitWW.tc","message":"Test Cases/WW/VisitWW FAILED because (of) No driver found","description":"","startTime":1530006332513,"endTime":1530006332938,"childRecords":[{"testStatus":{"stackTrace":"","statusValue":"INFO"},"type":"MESSAGE","name":"","message":"Evaluating variables for test case","startTime":1530006332595,"endTime":0,"childRecords":[],"interuppted":false},{"index":1,"isIgnoredIfFailed":false,"type":"TEST_STEP","name":"verifyElementText","message":"Checking timeout","description":"","startTime":1530006332904,"endTime":1530006332932,"childRecords":[],"interuppted":false},{"testStatus":{"stackTrace":"","statusValue":"FAILED"},"type":"MESSAGE","name":"","message":"Test Cases/WW/VisitWW FAILED because (of) No driver found","startTime":1530006332934,"endTime":0,"childRecords":[],"interuppted":false}],"interuppted":false},{"isOptional":false,"type":"TEST_CASE","name":"Test Cases/WW/ShopWithChiller/ChooseShopForShopOpen","id":"Test Cases/WW/ShopWithChiller/ChooseShopForShopOpen","source":"F:\\\\Git Projects\\\\MMAPlus_Supervisor\\\\MMAPlus_Supervisor\\\\Test Cases\\\\WW\\\\ShopWithChiller\\\\ChooseShopForShopOpen.tc","message":"Test Cases/WW/ShopWithChiller/ChooseShopForShopOpen FAILED because (of) No driver found","description":"","startTime":1530006332948,"endTime":1530006333483,"childRecords":[{"testStatus":{"stackTrace":"","statusValue":"INFO"},"type":"MESSAGE","name":"","message":"Evaluating variables for test case","startTime":1530006333032,"endTime":0,"childRecords":[],"interuppted":false},{"index":1,"isIgnoredIfFailed":false,"type":"TEST_STEP","name":"swipe","description":"","startTime":1530006333339,"endTime":1530006333475,"childRecords":[],"interuppted":false},{"testStatus":{"stackTrace":"","statusValue":"FAILED"},"type":"MESSAGE","name":"","message":"Test Cases/WW/ShopWithChiller/ChooseShopForShopOpen FAILED because (of) No driver found","startTime":1530006333480,"endTime":0,"childRecords":[],"interuppted":false}],"interuppted":false},{"isOptional":false,"type":"TEST_CASE","name":"Test Cases/WW/ShopOpen/VisitShopOpen","id":"Test Cases/WW/ShopOpen/VisitShopOpen","source":"F:\\\\Git Projects\\\\MMAPlus_Supervisor\\\\MMAPlus_Supervisor\\\\Test Cases\\\\WW\\\\ShopOpen\\\\VisitShopOpen.tc","message":"Test Cases/WW/ShopOpen/VisitShopOpen FAILED because (of) No driver found","description":"","startTime":1530006333485,"endTime":1530006333782,"childRecords":[{"testStatus":{"stackTrace":"","statusValue":"INFO"},"type":"MESSAGE","name":"","message":"Evaluating variables for test case","startTime":1530006333496,"endTime":0,"childRecords":[],"interuppted":false},{"index":1,"isIgnoredIfFailed":false,"type":"TEST_STEP","name":"tap","message":"Timeout \u00270\u0027 is invalid. Using default page load timeout: \u002720\u0027","description":"","startTime":1530006333735,"endTime":1530006333780,"childRecords":[{"testStatus":{"stackTrace":"","statusValue":"WARNING"},"type":"MESSAGE","name":"","message":"Timeout \u00270\u0027 is invalid. Using default page load timeout: \u002720\u0027","startTime":1530006333779,"endTime":0,"childRecords":[],"interuppted":false}],"interuppted":false},{"testStatus":{"stackTrace":"","statusValue":"FAILED"},"type":"MESSAGE","name":"","message":"Test Cases/WW/ShopOpen/VisitShopOpen FAILED because (of) No driver found","startTime":1530006333781,"endTime":0,"childRecords":[],"interuppted":false}],"interuppted":false},{"isOptional":false,"type":"TEST_CASE","name":"Test Cases/WW/ShopOpen/VisitShopProducts","id":"Test Cases/WW/ShopOpen/VisitShopProducts","source":"F:\\\\Git Projects\\\\MMAPlus_Supervisor\\\\MMAPlus_Supervisor\\\\Test Cases\\\\WW\\\\ShopOpen\\\\VisitShopProducts.tc","message":"Test Cases/WW/ShopOpen/VisitShopProducts FAILED because (of) No driver found","description":"","startTime":1530006333792,"endTime":1530006334023,"childRecords":[{"testStatus":{"stackTrace":"","statusValue":"INFO"},"type":"MESSAGE","name":"","message":"Evaluating variables for test case","startTime":1530006333813,"endTime":0,"childRecords":[],"interuppted":false},{"index":1,"isIgnoredIfFailed":false,"type":"TEST_STEP","name":"verifyElementText","message":"Checking timeout","description":"","startTime":1530006334013,"endTime":1530006334021,"childRecords":[],"interuppted":false},{"testStatus":{"stackTrace":"","statusValue":"FAILED"},"type":"MESSAGE","name":"","message":"Test Cases/WW/ShopOpen/VisitShopProducts FAILED because (of) No driver found","startTime":1530006334022,"endTime":0,"childRecords":[],"interuppted":false}],"interuppted":false}],"interuppted":false}