{"devicePlatform":"","logFolder":"F:\\Git Projects\\MMAPlus_Supervisor\\MMAPlus_Supervisor\\Reports\\Visit Shop With Chiller And Overwrite Scenario\\20180622_164924","runData":{"hostName":"itcity - DESKTOP-3AG49P4","os":"Windows 10 64bit","katalonVersion":"5.4.2.1","deviceOS":"Android","appiumVersion":"1.8.0","deviceModel":"SM-J110H","hostAddress":"192.168.3.191","deviceManufacturer":"samsung","deviceId":"11015a1136d0b24a","deviceName":"samsung SM-J110H (Android 4.4.4)","deviceOSVersion":"4.4.4"},"type":"TEST_SUITE","name":"Visit Shop With Chiller And Overwrite Scenario","id":"Test Suites/Visit Shop With Chiller And Overwrite Scenario","source":"","message":"Test Cases/Attendance/MarkSupervisorAttendance FAILED because (of) java.lang.NoClassDefFoundError: Could not initialize class customkeywords.CustomKeywordsCollection","description":"","startTime":1529668167954,"endTime":1529668320920,"childRecords":[{"isOptional":false,"type":"TEST_CASE","name":"Test Cases/LaunchingApp/LaunchApp","id":"Test Cases/LaunchingApp/LaunchApp","source":"F:\\\\Git Projects\\\\MMAPlus_Supervisor\\\\MMAPlus_Supervisor\\\\Test Cases\\\\LaunchingApp\\\\LaunchApp.tc","message":"Test Cases/LaunchingApp/LaunchApp","description":"","startTime":1529668168951,"endTime":1529668200317,"childRecords":[{"testStatus":{"stackTrace":"","statusValue":"INFO"},"type":"MESSAGE","name":"","message":"Evaluating variables for test case","startTime":1529668169016,"endTime":0,"childRecords":[],"interuppted":false},{"index":1,"isIgnoredIfFailed":false,"type":"TEST_STEP","name":"startApplication","message":"Started app at: \u0027F:\\QA_Automation\\Builds\\MMAPlus_Sup_v147_0304_live.apk\u0027","description":"","startTime":1529668169715,"endTime":1529668195218,"childRecords":[{"testStatus":{"stackTrace":"","statusValue":"PASSED"},"type":"MESSAGE","name":"","message":"Started app at: \u0027F:\\QA_Automation\\Builds\\MMAPlus_Sup_v147_0304_live.apk\u0027","startTime":1529668195217,"endTime":0,"childRecords":[],"interuppted":false}],"interuppted":false},{"index":2,"isIgnoredIfFailed":false,"type":"TEST_STEP","name":"delay","message":"Delayed 5 second(s)","description":"","startTime":1529668195219,"endTime":1529668200313,"childRecords":[{"testStatus":{"stackTrace":"","statusValue":"PASSED"},"type":"MESSAGE","name":"","message":"Delayed 5 second(s)","startTime":1529668200313,"endTime":0,"childRecords":[],"interuppted":false}],"interuppted":false},{"testStatus":{"stackTrace":"","statusValue":"PASSED"},"type":"MESSAGE","name":"","message":"Test Cases/LaunchingApp/LaunchApp","startTime":1529668200315,"endTime":0,"childRecords":[],"interuppted":false}],"interuppted":false},{"isOptional":false,"type":"TEST_CASE","name":"Test Cases/Attendance/MarkSupervisorAttendance","id":"Test Cases/Attendance/MarkSupervisorAttendance","source":"F:\\\\Git Projects\\\\MMAPlus_Supervisor\\\\MMAPlus_Supervisor\\\\Test Cases\\\\Attendance\\\\MarkSupervisorAttendance.tc","message":"Test Cases/Attendance/MarkSupervisorAttendance FAILED because (of) java.lang.NoClassDefFoundError: Could not initialize class customkeywords.CustomKeywordsCollection","description":"","startTime":1529668200325,"endTime":1529668206947,"childRecords":[{"testStatus":{"stackTrace":"","statusValue":"INFO"},"type":"MESSAGE","name":"","message":"Evaluating variables for test case","startTime":1529668200358,"endTime":0,"childRecords":[],"interuppted":false},{"index":1,"isIgnoredIfFailed":false,"type":"TEST_STEP","name":"verifyElementText","message":"Actual text and expected text of test object \u0027Object Repository/DashboardScreenElements/Validate_DashboardScreen\u0027 are matched.","description":"","startTime":1529668200757,"endTime":1529668202347,"childRecords":[{"testStatus":{"stackTrace":"","statusValue":"PASSED"},"type":"MESSAGE","name":"","message":"Actual text and expected text of test object \u0027Object Repository/DashboardScreenElements/Validate_DashboardScreen\u0027 are matched.","startTime":1529668202346,"endTime":0,"childRecords":[],"interuppted":false}],"interuppted":false},{"index":2,"isIgnoredIfFailed":false,"type":"TEST_STEP","name":"tap","message":"Tapped on element \u0027Object Repository/DashboardScreenElements/Attendance\u0027","description":"","startTime":1529668202348,"endTime":1529668203386,"childRecords":[{"testStatus":{"stackTrace":"","statusValue":"WARNING"},"type":"MESSAGE","name":"","message":"Timeout \u00270\u0027 is invalid. Using default page load timeout: \u002720\u0027","startTime":1529668202379,"endTime":0,"childRecords":[],"interuppted":false},{"testStatus":{"stackTrace":"","statusValue":"PASSED"},"type":"MESSAGE","name":"","message":"Tapped on element \u0027Object Repository/DashboardScreenElements/Attendance\u0027","startTime":1529668203382,"endTime":0,"childRecords":[],"interuppted":false}],"interuppted":false},{"index":3,"isIgnoredIfFailed":false,"type":"TEST_STEP","name":"verifyElementText","message":"Actual text and expected text of test object \u0027Object Repository/SupervisorAttendanceScreenElements/Validate_AttendanceScreen\u0027 are matched.","description":"","startTime":1529668203388,"endTime":1529668204918,"childRecords":[{"testStatus":{"stackTrace":"","statusValue":"PASSED"},"type":"MESSAGE","name":"","message":"Actual text and expected text of test object \u0027Object Repository/SupervisorAttendanceScreenElements/Validate_AttendanceScreen\u0027 are matched.","startTime":1529668204917,"endTime":0,"childRecords":[],"interuppted":false}],"interuppted":false},{"index":4,"isIgnoredIfFailed":false,"type":"TEST_STEP","name":"tap","message":"Tapped on element \u0027Object Repository/SupervisorAttendanceScreenElements/CheckIn_RadioButton\u0027","description":"","startTime":1529668204918,"endTime":1529668205253,"childRecords":[{"testStatus":{"stackTrace":"","statusValue":"WARNING"},"type":"MESSAGE","name":"","message":"Timeout \u00270\u0027 is invalid. Using default page load timeout: \u002720\u0027","startTime":1529668204930,"endTime":0,"childRecords":[],"interuppted":false},{"testStatus":{"stackTrace":"","statusValue":"PASSED"},"type":"MESSAGE","name":"","message":"Tapped on element \u0027Object Repository/SupervisorAttendanceScreenElements/CheckIn_RadioButton\u0027","startTime":1529668205252,"endTime":0,"childRecords":[],"interuppted":false}],"interuppted":false},{"index":5,"isIgnoredIfFailed":false,"type":"TEST_STEP","name":"tap","message":"Tapped on element \u0027Object Repository/SupervisorAttendanceScreenElements/SubmitButton\u0027","description":"","startTime":1529668205254,"endTime":1529668206797,"childRecords":[{"testStatus":{"stackTrace":"","statusValue":"WARNING"},"type":"MESSAGE","name":"","message":"Timeout \u00270\u0027 is invalid. Using default page load timeout: \u002720\u0027","startTime":1529668205263,"endTime":0,"childRecords":[],"interuppted":false},{"testStatus":{"stackTrace":"","statusValue":"PASSED"},"type":"MESSAGE","name":"","message":"Tapped on element \u0027Object Repository/SupervisorAttendanceScreenElements/SubmitButton\u0027","startTime":1529668206795,"endTime":0,"childRecords":[],"interuppted":false}],"interuppted":false},{"index":6,"isIgnoredIfFailed":false,"type":"TEST_STEP","name":"customkeywords.CustomKeywordsCollection.checkSupervisorSelfie","message":"Could not initialize class customkeywords.CustomKeywordsCollection","description":"","startTime":1529668206798,"endTime":1529668206943,"childRecords":[{"testStatus":{"stackTrace":"","statusValue":"ERROR"},"type":"MESSAGE","name":"","message":"Could not initialize class customkeywords.CustomKeywordsCollection","startTime":1529668206942,"endTime":0,"childRecords":[],"interuppted":false}],"interuppted":false},{"testStatus":{"stackTrace":"","statusValue":"ERROR"},"type":"MESSAGE","name":"","message":"Test Cases/Attendance/MarkSupervisorAttendance FAILED because (of) java.lang.NoClassDefFoundError: Could not initialize class customkeywords.CustomKeywordsCollection","startTime":1529668206945,"endTime":0,"childRecords":[],"interuppted":false}],"interuppted":false},{"isOptional":false,"type":"TEST_CASE","name":"Test Cases/Attendance/MarkMerchandisersAttendance","id":"Test Cases/Attendance/MarkMerchandisersAttendance","source":"F:\\\\Git Projects\\\\MMAPlus_Supervisor\\\\MMAPlus_Supervisor\\\\Test Cases\\\\Attendance\\\\MarkMerchandisersAttendance.tc","message":"Test Cases/Attendance/MarkMerchandisersAttendance FAILED because (of) java.lang.NoClassDefFoundError: Could not initialize class customkeywords.CustomKeywordsCollection","description":"","startTime":1529668206952,"endTime":1529668226353,"childRecords":[{"testStatus":{"stackTrace":"","statusValue":"INFO"},"type":"MESSAGE","name":"","message":"Evaluating variables for test case","startTime":1529668206980,"endTime":0,"childRecords":[],"interuppted":false},{"index":1,"isIgnoredIfFailed":false,"type":"TEST_STEP","name":"verifyElementText","message":"Actual text and expected text of test object \u0027Object Repository/MerchandiserAttendanceScreenElements/Validate_MerchandisersAttendanceScreen\u0027 are matched.","description":"","startTime":1529668207306,"endTime":1529668225878,"childRecords":[{"testStatus":{"stackTrace":"","statusValue":"PASSED"},"type":"MESSAGE","name":"","message":"Actual text and expected text of test object \u0027Object Repository/MerchandiserAttendanceScreenElements/Validate_MerchandisersAttendanceScreen\u0027 are matched.","startTime":1529668225877,"endTime":0,"childRecords":[],"interuppted":false}],"interuppted":false},{"index":2,"isIgnoredIfFailed":false,"type":"TEST_STEP","name":"tap","message":"Tapped on element \u0027Object Repository/MerchandiserAttendanceScreenElements/StartYourDay\u0027","description":"","startTime":1529668225878,"endTime":1529668226348,"childRecords":[{"testStatus":{"stackTrace":"","statusValue":"WARNING"},"type":"MESSAGE","name":"","message":"Timeout \u00270\u0027 is invalid. Using default page load timeout: \u002720\u0027","startTime":1529668225903,"endTime":0,"childRecords":[],"interuppted":false},{"testStatus":{"stackTrace":"","statusValue":"PASSED"},"type":"MESSAGE","name":"","message":"Tapped on element \u0027Object Repository/MerchandiserAttendanceScreenElements/StartYourDay\u0027","startTime":1529668226347,"endTime":0,"childRecords":[],"interuppted":false}],"interuppted":false},{"index":3,"isIgnoredIfFailed":false,"type":"TEST_STEP","name":"customkeywords.CustomKeywordsCollection.markMerchandisersAttendance","message":"Could not initialize class customkeywords.CustomKeywordsCollection","description":"","startTime":1529668226348,"endTime":1529668226351,"childRecords":[{"testStatus":{"stackTrace":"","statusValue":"ERROR"},"type":"MESSAGE","name":"","message":"Could not initialize class customkeywords.CustomKeywordsCollection","startTime":1529668226350,"endTime":0,"childRecords":[],"interuppted":false}],"interuppted":false},{"testStatus":{"stackTrace":"","statusValue":"ERROR"},"type":"MESSAGE","name":"","message":"Test Cases/Attendance/MarkMerchandisersAttendance FAILED because (of) java.lang.NoClassDefFoundError: Could not initialize class customkeywords.CustomKeywordsCollection","startTime":1529668226352,"endTime":0,"childRecords":[],"interuppted":false}],"interuppted":false},{"isOptional":false,"type":"TEST_CASE","name":"Test Cases/WW/VisitWW","id":"Test Cases/WW/VisitWW","source":"F:\\\\Git Projects\\\\MMAPlus_Supervisor\\\\MMAPlus_Supervisor\\\\Test Cases\\\\WW\\\\VisitWW.tc","message":"Test Cases/WW/VisitWW FAILED because (of) Verify element text of test object \u0027Object Repository/ModuleSelectionScreenElements/Validate_ModuleSelectionScreen\u0027 FAILED. (Root cause: Element \u0027Object Repository/ModuleSelectionScreenElements/Validate_ModuleSelectionScreen\u0027 not found)","description":"","startTime":1529668226359,"endTime":1529668249520,"childRecords":[{"testStatus":{"stackTrace":"","statusValue":"INFO"},"type":"MESSAGE","name":"","message":"Evaluating variables for test case","startTime":1529668226373,"endTime":0,"childRecords":[],"interuppted":false},{"attachment":"1529668248240.png","index":1,"isIgnoredIfFailed":false,"type":"TEST_STEP","name":"verifyElementText","message":"Verify element text of test object \u0027Object Repository/ModuleSelectionScreenElements/Validate_ModuleSelectionScreen\u0027 FAILED. (Root cause: Element \u0027Object Repository/ModuleSelectionScreenElements/Validate_ModuleSelectionScreen\u0027 not found)","description":"","startTime":1529668226715,"endTime":1529668249518,"childRecords":[{"testStatus":{"stackTrace":"","statusValue":"FAILED"},"attachment":"1529668246752.png","type":"MESSAGE","name":"","message":"Element \u0027Object Repository/ModuleSelectionScreenElements/Validate_ModuleSelectionScreen\u0027 not found","startTime":1529668248239,"endTime":0,"childRecords":[],"interuppted":false},{"testStatus":{"stackTrace":"","statusValue":"FAILED"},"attachment":"1529668248240.png","type":"MESSAGE","name":"","message":"Verify element text of test object \u0027Object Repository/ModuleSelectionScreenElements/Validate_ModuleSelectionScreen\u0027 FAILED. (Root cause: Element \u0027Object Repository/ModuleSelectionScreenElements/Validate_ModuleSelectionScreen\u0027 not found)","startTime":1529668249517,"endTime":0,"childRecords":[],"interuppted":false}],"interuppted":false},{"testStatus":{"stackTrace":"","statusValue":"FAILED"},"type":"MESSAGE","name":"","message":"Test Cases/WW/VisitWW FAILED because (of) Verify element text of test object \u0027Object Repository/ModuleSelectionScreenElements/Validate_ModuleSelectionScreen\u0027 FAILED. (Root cause: Element \u0027Object Repository/ModuleSelectionScreenElements/Validate_ModuleSelectionScreen\u0027 not found)","startTime":1529668249519,"endTime":0,"childRecords":[],"interuppted":false}],"interuppted":false},{"isOptional":false,"type":"TEST_CASE","name":"Test Cases/WW/ShopWithChiller/ChooseShopForShopOpen","id":"Test Cases/WW/ShopWithChiller/ChooseShopForShopOpen","source":"F:\\\\Git Projects\\\\MMAPlus_Supervisor\\\\MMAPlus_Supervisor\\\\Test Cases\\\\WW\\\\ShopWithChiller\\\\ChooseShopForShopOpen.tc","message":"Test Cases/WW/ShopWithChiller/ChooseShopForShopOpen FAILED because (of) Verify element text of test object \u0027Object Repository/ModuleSelectionScreenElements/WW/Validate_ShopListScreen\u0027 FAILED. (Root cause: Element \u0027Object Repository/ModuleSelectionScreenElements/WW/Validate_ShopListScreen\u0027 not found)","description":"","startTime":1529668249524,"endTime":1529668274209,"childRecords":[{"testStatus":{"stackTrace":"","statusValue":"INFO"},"type":"MESSAGE","name":"","message":"Evaluating variables for test case","startTime":1529668249539,"endTime":0,"childRecords":[],"interuppted":false},{"index":1,"isIgnoredIfFailed":false,"type":"TEST_STEP","name":"swipe","message":"Swiped from 0,200 to 0,600","description":"","startTime":1529668249926,"endTime":1529668250784,"childRecords":[{"testStatus":{"stackTrace":"","statusValue":"PASSED"},"type":"MESSAGE","name":"","message":"Swiped from 0,200 to 0,600","startTime":1529668250693,"endTime":0,"childRecords":[],"interuppted":false}],"interuppted":false},{"index":2,"isIgnoredIfFailed":false,"type":"TEST_STEP","name":"swipe","message":"Swiped from 0,200 to 0,600","description":"","startTime":1529668250784,"endTime":1529668251571,"childRecords":[{"testStatus":{"stackTrace":"","statusValue":"PASSED"},"type":"MESSAGE","name":"","message":"Swiped from 0,200 to 0,600","startTime":1529668251505,"endTime":0,"childRecords":[],"interuppted":false}],"interuppted":false},{"attachment":"1529668272844.png","index":3,"isIgnoredIfFailed":false,"type":"TEST_STEP","name":"verifyElementText","message":"Verify element text of test object \u0027Object Repository/ModuleSelectionScreenElements/WW/Validate_ShopListScreen\u0027 FAILED. (Root cause: Element \u0027Object Repository/ModuleSelectionScreenElements/WW/Validate_ShopListScreen\u0027 not found)","description":"","startTime":1529668251571,"endTime":1529668274207,"childRecords":[{"testStatus":{"stackTrace":"","statusValue":"FAILED"},"attachment":"1529668271636.png","type":"MESSAGE","name":"","message":"Element \u0027Object Repository/ModuleSelectionScreenElements/WW/Validate_ShopListScreen\u0027 not found","startTime":1529668272843,"endTime":0,"childRecords":[],"interuppted":false},{"testStatus":{"stackTrace":"","statusValue":"FAILED"},"attachment":"1529668272844.png","type":"MESSAGE","name":"","message":"Verify element text of test object \u0027Object Repository/ModuleSelectionScreenElements/WW/Validate_ShopListScreen\u0027 FAILED. (Root cause: Element \u0027Object Repository/ModuleSelectionScreenElements/WW/Validate_ShopListScreen\u0027 not found)","startTime":1529668274207,"endTime":0,"childRecords":[],"interuppted":false}],"interuppted":false},{"testStatus":{"stackTrace":"","statusValue":"FAILED"},"type":"MESSAGE","name":"","message":"Test Cases/WW/ShopWithChiller/ChooseShopForShopOpen FAILED because (of) Verify element text of test object \u0027Object Repository/ModuleSelectionScreenElements/WW/Validate_ShopListScreen\u0027 FAILED. (Root cause: Element \u0027Object Repository/ModuleSelectionScreenElements/WW/Validate_ShopListScreen\u0027 not found)","startTime":1529668274208,"endTime":0,"childRecords":[],"interuppted":false}],"interuppted":false},{"isOptional":false,"type":"TEST_CASE","name":"Test Cases/WW/ShopOpen/VisitShopOpen","id":"Test Cases/WW/ShopOpen/VisitShopOpen","source":"F:\\\\Git Projects\\\\MMAPlus_Supervisor\\\\MMAPlus_Supervisor\\\\Test Cases\\\\WW\\\\ShopOpen\\\\VisitShopOpen.tc","message":"Test Cases/WW/ShopOpen/VisitShopOpen FAILED because (of) Failed to check for element \u0027Object Repository/CommonScreenElements/Validate_CameraScreen\u0027 exist (Root cause: Element \u0027Object Repository/CommonScreenElements/Validate_CameraScreen\u0027 not found)","description":"","startTime":1529668274214,"endTime":1529668309565,"childRecords":[{"testStatus":{"stackTrace":"","statusValue":"INFO"},"type":"MESSAGE","name":"","message":"Evaluating variables for test case","startTime":1529668274226,"endTime":0,"childRecords":[],"interuppted":false},{"index":1,"isIgnoredIfFailed":false,"type":"TEST_STEP","name":"tap","message":"Tapped on element \u0027Object Repository/ModuleSelectionScreenElements/WW/ShopOpen/ShopOpen\u0027","description":"","startTime":1529668274549,"endTime":1529668286169,"childRecords":[{"testStatus":{"stackTrace":"","statusValue":"WARNING"},"type":"MESSAGE","name":"","message":"Timeout \u00270\u0027 is invalid. Using default page load timeout: \u002720\u0027","startTime":1529668274566,"endTime":0,"childRecords":[],"interuppted":false},{"testStatus":{"stackTrace":"","statusValue":"PASSED"},"type":"MESSAGE","name":"","message":"Tapped on element \u0027Object Repository/ModuleSelectionScreenElements/WW/ShopOpen/ShopOpen\u0027","startTime":1529668286168,"endTime":0,"childRecords":[],"interuppted":false}],"interuppted":false},{"attachment":"1529668307905.png","index":2,"isIgnoredIfFailed":false,"type":"TEST_STEP","name":"verifyElementExist","message":"Failed to check for element \u0027Object Repository/CommonScreenElements/Validate_CameraScreen\u0027 exist (Root cause: Element \u0027Object Repository/CommonScreenElements/Validate_CameraScreen\u0027 not found)","description":"","startTime":1529668286170,"endTime":1529668309563,"childRecords":[{"testStatus":{"stackTrace":"","statusValue":"WARNING"},"type":"MESSAGE","name":"","message":"Timeout \u00270\u0027 is invalid. Using default page load timeout: \u002720\u0027","startTime":1529668286198,"endTime":0,"childRecords":[],"interuppted":false},{"testStatus":{"stackTrace":"","statusValue":"FAILED"},"attachment":"1529668306253.png","type":"MESSAGE","name":"","message":"Element \u0027Object Repository/CommonScreenElements/Validate_CameraScreen\u0027 not found","startTime":1529668307904,"endTime":0,"childRecords":[],"interuppted":false},{"testStatus":{"stackTrace":"","statusValue":"FAILED"},"attachment":"1529668307905.png","type":"MESSAGE","name":"","message":"Failed to check for element \u0027Object Repository/CommonScreenElements/Validate_CameraScreen\u0027 exist (Root cause: Element \u0027Object Repository/CommonScreenElements/Validate_CameraScreen\u0027 not found)","startTime":1529668309563,"endTime":0,"childRecords":[],"interuppted":false}],"interuppted":false},{"testStatus":{"stackTrace":"","statusValue":"FAILED"},"type":"MESSAGE","name":"","message":"Test Cases/WW/ShopOpen/VisitShopOpen FAILED because (of) Failed to check for element \u0027Object Repository/CommonScreenElements/Validate_CameraScreen\u0027 exist (Root cause: Element \u0027Object Repository/CommonScreenElements/Validate_CameraScreen\u0027 not found)","startTime":1529668309564,"endTime":0,"childRecords":[],"interuppted":false}],"interuppted":false},{"isOptional":false,"type":"TEST_CASE","name":"Test Cases/WW/ShopOpen/VisitShopProducts","id":"Test Cases/WW/ShopOpen/VisitShopProducts","source":"F:\\\\Git Projects\\\\MMAPlus_Supervisor\\\\MMAPlus_Supervisor\\\\Test Cases\\\\WW\\\\ShopOpen\\\\VisitShopProducts.tc","message":"Test Cases/WW/ShopOpen/VisitShopProducts FAILED because (of) java.lang.NoClassDefFoundError: Could not initialize class customkeywords.CustomKeywordsCollection","description":"","startTime":1529668309569,"endTime":1529668320920,"childRecords":[{"testStatus":{"stackTrace":"","statusValue":"INFO"},"type":"MESSAGE","name":"","message":"Evaluating variables for test case","startTime":1529668309590,"endTime":0,"childRecords":[],"interuppted":false},{"index":1,"isIgnoredIfFailed":false,"type":"TEST_STEP","name":"verifyElementText","message":"Actual text and expected text of test object \u0027Object Repository/ModuleSelectionScreenElements/WW/ShopOpen/Validate_ShopModulesScreen\u0027 are matched.","description":"","startTime":1529668310005,"endTime":1529668320915,"childRecords":[{"testStatus":{"stackTrace":"","statusValue":"PASSED"},"type":"MESSAGE","name":"","message":"Actual text and expected text of test object \u0027Object Repository/ModuleSelectionScreenElements/WW/ShopOpen/Validate_ShopModulesScreen\u0027 are matched.","startTime":1529668320914,"endTime":0,"childRecords":[],"interuppted":false}],"interuppted":false},{"index":2,"isIgnoredIfFailed":false,"type":"TEST_STEP","name":"customkeywords.CustomKeywordsCollection.visitShopProducts","message":"Could not initialize class customkeywords.CustomKeywordsCollection","description":"","startTime":1529668320916,"endTime":1529668320918,"childRecords":[{"testStatus":{"stackTrace":"","statusValue":"ERROR"},"type":"MESSAGE","name":"","message":"Could not initialize class customkeywords.CustomKeywordsCollection","startTime":1529668320918,"endTime":0,"childRecords":[],"interuppted":false}],"interuppted":false},{"testStatus":{"stackTrace":"","statusValue":"ERROR"},"type":"MESSAGE","name":"","message":"Test Cases/WW/ShopOpen/VisitShopProducts FAILED because (of) java.lang.NoClassDefFoundError: Could not initialize class customkeywords.CustomKeywordsCollection","startTime":1529668320919,"endTime":0,"childRecords":[],"interuppted":false}],"interuppted":false}],"interuppted":false}